INFO:authentication:auth_token=eyJhbGciOiJIUzI1NiIsInR5cCI6IkpXVCJ9.eyJleHAiOjE3MDA2NTU0NTUsImlhdCI6MTcwMDU2OTA1NSwic3ViIjoiYXVzdGluZnJhbGV5LmxlZUBnbWFpbC5jb20ifQ.1jgp5qZ7LpxrmYArK2v1M4QMZm7QhwvCxNvthnupYWE
INFO:authentication:auth_account_id=1
INFO:authentication:account_id=1
INFO:authentication:admin_flag=True
INFO:authentication:account_image_loc=png
INFO:authentication:auth_token=eyJhbGciOiJIUzI1NiIsInR5cCI6IkpXVCJ9.eyJleHAiOjE3MDA2NTU0NTUsImlhdCI6MTcwMDU2OTA1NSwic3ViIjoiYXVzdGluZnJhbGV5LmxlZUBnbWFpbC5jb20ifQ.1jgp5qZ7LpxrmYArK2v1M4QMZm7QhwvCxNvthnupYWE
INFO:authentication:auth_account_id=1
INFO:authentication:account_id=1
INFO:authentication:admin_flag=True
INFO:authentication:account_image_loc=png
INFO:authentication:auth_token=eyJhbGciOiJIUzI1NiIsInR5cCI6IkpXVCJ9.eyJleHAiOjE3MDA2NTU0NTUsImlhdCI6MTcwMDU2OTA1NSwic3ViIjoiYXVzdGluZnJhbGV5LmxlZUBnbWFpbC5jb20ifQ.1jgp5qZ7LpxrmYArK2v1M4QMZm7QhwvCxNvthnupYWE
INFO:authentication:auth_account_id=1
INFO:authentication:account_id=1
INFO:authentication:admin_flag=True
INFO:authentication:account_image_loc=png
INFO:authentication:auth_token=eyJhbGciOiJIUzI1NiIsInR5cCI6IkpXVCJ9.eyJleHAiOjE3MDA2NTU0NTUsImlhdCI6MTcwMDU2OTA1NSwic3ViIjoiYXVzdGluZnJhbGV5LmxlZUBnbWFpbC5jb20ifQ.1jgp5qZ7LpxrmYArK2v1M4QMZm7QhwvCxNvthnupYWE
INFO:authentication:auth_account_id=1
INFO:authentication:account_id=1
INFO:authentication:admin_flag=True
INFO:authentication:account_image_loc=png
INFO:authentication:auth_token=eyJhbGciOiJIUzI1NiIsInR5cCI6IkpXVCJ9.eyJleHAiOjE3MDA2NTU0NTUsImlhdCI6MTcwMDU2OTA1NSwic3ViIjoiYXVzdGluZnJhbGV5LmxlZUBnbWFpbC5jb20ifQ.1jgp5qZ7LpxrmYArK2v1M4QMZm7QhwvCxNvthnupYWE
INFO:authentication:auth_account_id=1
INFO:authentication:account_id=1
INFO:authentication:admin_flag=True
INFO:authentication:account_image_loc=png
INFO:authentication:auth_token=eyJhbGciOiJIUzI1NiIsInR5cCI6IkpXVCJ9.eyJleHAiOjE3MDA2NTU0NTUsImlhdCI6MTcwMDU2OTA1NSwic3ViIjoiYXVzdGluZnJhbGV5LmxlZUBnbWFpbC5jb20ifQ.1jgp5qZ7LpxrmYArK2v1M4QMZm7QhwvCxNvthnupYWE
INFO:authentication:auth_account_id=1
INFO:authentication:account_id=1
INFO:authentication:admin_flag=True
INFO:authentication:account_image_loc=png
INFO:authentication:auth_token=eyJhbGciOiJIUzI1NiIsInR5cCI6IkpXVCJ9.eyJleHAiOjE3MDA2NTU0NTUsImlhdCI6MTcwMDU2OTA1NSwic3ViIjoiYXVzdGluZnJhbGV5LmxlZUBnbWFpbC5jb20ifQ.1jgp5qZ7LpxrmYArK2v1M4QMZm7QhwvCxNvthnupYWE
INFO:authentication:auth_account_id=1
INFO:authentication:account_id=1
INFO:authentication:admin_flag=True
INFO:authentication:account_image_loc=png
INFO:authentication:auth_token=eyJhbGciOiJIUzI1NiIsInR5cCI6IkpXVCJ9.eyJleHAiOjE3MDA2NTU0NTUsImlhdCI6MTcwMDU2OTA1NSwic3ViIjoiYXVzdGluZnJhbGV5LmxlZUBnbWFpbC5jb20ifQ.1jgp5qZ7LpxrmYArK2v1M4QMZm7QhwvCxNvthnupYWE
INFO:authentication:auth_account_id=1
INFO:authentication:account_id=1
INFO:authentication:admin_flag=True
INFO:authentication:account_image_loc=png
INFO:authentication:auth_token=eyJhbGciOiJIUzI1NiIsInR5cCI6IkpXVCJ9.eyJleHAiOjE3MDA2NTU0NTUsImlhdCI6MTcwMDU2OTA1NSwic3ViIjoiYXVzdGluZnJhbGV5LmxlZUBnbWFpbC5jb20ifQ.1jgp5qZ7LpxrmYArK2v1M4QMZm7QhwvCxNvthnupYWE
INFO:authentication:auth_account_id=1
INFO:authentication:account_id=1
INFO:authentication:admin_flag=True
INFO:authentication:account_image_loc=png
